Flutter crash report.
Please report a bug at https://github.com/flutter/flutter/issues.

## command

flutter run --machine --start-paused -d macos --devtools-server-address http://127.0.0.1:9100/ --target /Users/giuliadanso/Desktop/KidsApp/KidsApp Project/KIDSAPP/lib/main.dart

## exception

ProcessException: ProcessException: The command failed
Stdout:
building file list ... done
Versions/
Versions/Current -> A
Versions/A/
Versions/A/FlutterMacOS
Versions/A/Headers/
Versions/A/Headers/FlutterAppDelegate.h
Versions/A/Headers/FlutterAppLifecycleDelegate.h
Versions/A/Headers/FlutterBinaryMessenger.h
Versions/A/Headers/FlutterChannels.h
Versions/A/Headers/FlutterCodecs.h
Versions/A/Headers/FlutterDartProject.h
Versions/A/Headers/FlutterEngine.h
Versions/A/Headers/FlutterMacOS.h
Versions/A/Headers/FlutterMacros.h
Versions/A/Headers/FlutterPlatformViews.h
Versions/A/Headers/FlutterPluginMacOS.h
Versions/A/Headers/FlutterPluginRegistrarMacOS.h
Versions/A/Headers/FlutterTexture.h
Versions/A/Headers/FlutterViewController.h
Versions/A/Modules/
Versions/A/Modules/module.modulemap
Versions/A/Resources/
Versions/A/Resources/Info.plist
Versions/A/Resources/icudtl.dat
Versions/A/_CodeSignature/
Versions/A/_CodeSignature/CodeResources

sent 95054753 bytes  received 480 bytes  190110466.00 bytes/sec
total size is 95041609  speedup is 1.00

Stderr:
rsync: stat "/Users/giuliadanso/Downloads/flutter/bin/cache/artifacts/engine/darwin-x64/FlutterMacOS.framework/Versions/A/.FlutterMacOS.OYezR5" failed: No such file or directory (2)
rsync: rename "/Users/giuliadanso/Downloads/flutter/bin/cache/artifacts/engine/darwin-x64/FlutterMacOS.framework/Versions/A/.FlutterMacOS.OYezR5" -> "Versions/A/FlutterMacOS": No such file or directory (2)
rsync: mkstemp "/Users/giuliadanso/Downloads/flutter/bin/cache/artifacts/engine/darwin-x64/FlutterMacOS.framework/Versions/A/Headers/.FlutterAppDelegate.h.OGhCYT" failed: No such file or directory (2)
rsync: mkstemp "/Users/giuliadanso/Downloads/flutter/bin/cache/artifacts/engine/darwin-x64/FlutterMacOS.framework/Versions/A/Headers/.FlutterAppLifecycleDelegate.h.bHzrtu" failed: No such file or directory (2)
rsync: mkstemp "/Users/giuliadanso/Downloads/flutter/bin/cache/artifacts/engine/darwin-x64/FlutterMacOS.framework/Versions/A/Headers/.FlutterBinaryMessenger.h.5mFfQj" failed: No such file or directory (2)
rsync: mkstemp "/Users/giuliadanso/Downloads/flutter/bin/cache/artifacts/engine/darwin-x64/FlutterMacOS.framework/Versions/A/Headers/.FlutterChannels.h.If69YY" failed: No such file or directory (2)
rsync: mkstemp "/Users/giuliadanso/Downloads/flutter/bin/cache/artifacts/engine/darwin-x64/FlutterMacOS.framework/Versions/A/Headers/.FlutterCodecs.h.RsufLN" failed: No such file or directory (2)
rsync: mkstemp "/Users/giuliadanso/Downloads/flutter/bin/cache/artifacts/engine/darwin-x64/FlutterMacOS.framework/Versions/A/Headers/.FlutterDartProject.h.wkTzxL" failed: No such file or directory (2)
rsync: mkstemp "/Users/giuliadanso/Downloads/flutter/bin/cache/artifacts/engine/darwin-x64/FlutterMacOS.framework/Versions/A/Headers/.FlutterEngine.h.cajsEW" failed: No such file or directory (2)
rsync: mkstemp "/Users/giuliadanso/Downloads/flutter/bin/cache/artifacts/engine/darwin-x64/FlutterMacOS.framework/Versions/A/Headers/.FlutterMacOS.h.WG93vX" failed: No such file or directory (2)
rsync: mkstemp "/Users/giuliadanso/Downloads/flutter/bin/cache/artifacts/engine/darwin-x64/FlutterMacOS.framework/Versions/A/Headers/.FlutterMacros.h.sXOw5s" failed: No such file or directory (2)
rsync: mkstemp "/Users/giuliadanso/Downloads/flutter/bin/cache/artifacts/engine/darwin-x64/FlutterMacOS.framework/Versions/A/Headers/.FlutterPlatformViews.h.kKWj6v" failed: No such file or directory (2)
rsync: mkstemp "/Users/giuliadanso/Downloads/flutter/bin/cache/artifacts/engine/darwin-x64/FlutterMacOS.framework/Versions/A/Headers/.FlutterPluginMacOS.h.DzLfL3" failed: No such file or directory (2)
rsync: mkstemp "/Users/giuliadanso/Downloads/flutter/bin/cache/artifacts/engine/darwin-x64/FlutterMacOS.framework/Versions/A/Headers/.FlutterPluginRegistrarMacOS.h.Iew8Kr" failed: No such file or directory (2)
rsync: mkstemp "/Users/giuliadanso/Downloads/flutter/bin/cache/artifacts/engine/darwin-x64/FlutterMacOS.framework/Versions/A/Headers/.FlutterTexture.h.gzhm5P" failed: No such file or directory (2)
rsync: mkstemp "/Users/giuliadanso/Downloads/flutter/bin/cache/artifacts/engine/darwin-x64/FlutterMacOS.framework/Versions/A/Headers/.FlutterViewController.h.MvBTYY" failed: No such file or directory (2)
rsync: mkstemp "/Users/giuliadanso/Downloads/flutter/bin/cache/artifacts/engine/darwin-x64/FlutterMacOS.framework/Versions/A/Modules/.module.modulemap.OLe5HK" failed: No such file or directory (2)
rsync: mkstemp "/Users/giuliadanso/Downloads/flutter/bin/cache/artifacts/engine/darwin-x64/FlutterMacOS.framework/Versions/A/Resources/.Info.plist.cmVuFH" failed: No such file or directory (2)
rsync: mkstemp "/Users/giuliadanso/Downloads/flutter/bin/cache/artifacts/engine/darwin-x64/FlutterMacOS.framework/Versions/A/Resources/.icudtl.dat.sZ32YQ" failed: No such file or directory (2)
rsync: mkstemp "/Users/giuliadanso/Downloads/flutter/bin/cache/artifacts/engine/darwin-x64/FlutterMacOS.framework/Versions/A/_CodeSignature/.CodeResources.eGy2Cj" failed: No such file or directory (2)
rsync: recv_generator: mkdir "/Users/giuliadanso/Downloads/flutter/bin/cache/artifacts/engine/darwin-x64/FlutterMacOS.framework/Versions" failed: No such file or directory (2)
*** Skipping everything below this failed directory ***
rsync error: some files could not be transferred (code 23) at /AppleInternal/Library/BuildRoots/98ed8ad3-3356-11ee-9b53-aead88ae2785/Library/Caches/com.apple.xbs/Sources/rsync/rsync/main.c(996) [sender=2.6.9]

  Command: rsync -8 -av --delete /var/folders/qj/tb42717101bcc05mjz9yddth0000gn/T/flutter_tools.qjIvDZ/flutter_FlutterMacOS.framework.zip.7PNwzu/Versions /Users/giuliadanso/Downloads/flutter/bin/cache/artifacts/engine/darwin-x64/FlutterMacOS.framework

```
#0      RunResult.throwException (package:flutter_tools/src/base/process.dart:125:5)
#1      _DefaultProcessUtils.runSync (package:flutter_tools/src/base/process.dart:413:17)
#2      _MacOSUtils.unzip (package:flutter_tools/src/base/os.dart:446:25)
#3      EngineCachedArtifact.updateInner (package:flutter_tools/src/cache.dart:919:30)
<asynchronous suspension>
#4      CachedArtifact.update (package:flutter_tools/src/cache.dart:812:5)
<asynchronous suspension>
#5      Cache.updateAll (package:flutter_tools/src/cache.dart:679:9)
<asynchronous suspension>
#6      FlutterCommand.verifyThenRunCommand (package:flutter_tools/src/runner/flutter_command.dart:1567:7)
<asynchronous suspension>
#7      FlutterCommand.run.<anonymous closure> (package:flutter_tools/src/runner/flutter_command.dart:1297:27)
<asynchronous suspension>
#8      AppContext.run.<anonymous closure> (package:flutter_tools/src/base/context.dart:150:19)
<asynchronous suspension>
#9      CommandRunner.runCommand (package:args/command_runner.dart:212:13)
<asynchronous suspension>
#10     FlutterCommandRunner.runCommand.<anonymous closure> (package:flutter_tools/src/runner/flutter_command_runner.dart:339:9)
<asynchronous suspension>
#11     AppContext.run.<anonymous closure> (package:flutter_tools/src/base/context.dart:150:19)
<asynchronous suspension>
#12     FlutterCommandRunner.runCommand (package:flutter_tools/src/runner/flutter_command_runner.dart:285:5)
<asynchronous suspension>
#13     run.<anonymous closure>.<anonymous closure> (package:flutter_tools/runner.dart:115:9)
<asynchronous suspension>
#14     AppContext.run.<anonymous closure> (package:flutter_tools/src/base/context.dart:150:19)
<asynchronous suspension>
#15     main (package:flutter_tools/executable.dart:90:3)
<asynchronous suspension>
```

## flutter doctor

```
[✓] Flutter (Channel stable, 3.13.9, on macOS 14.0 23A344 darwin-arm64, locale it-DE)
    • Flutter version 3.13.9 on channel stable at /Users/giuliadanso/Downloads/flutter
    • Upstream repository https://github.com/flutter/flutter.git
    • Framework revision d211f42860 (2 weeks ago), 2023-10-25 13:42:25 -0700
    • Engine revision 0545f8705d
    • Dart version 3.1.5
    • DevTools version 2.25.0

[✓] Android toolchain - develop for Android devices (Android SDK version 34.0.0)
    • Android SDK at /Users/giuliadanso/Library/Android/sdk
    • Platform android-34, build-tools 34.0.0
    • Java binary at: /Applications/Android Studio.app/Contents/jbr/Contents/Home/bin/java
    • Java version OpenJDK Runtime Environment (build 17.0.6+0-17.0.6b829.9-10027231)
    • All Android licenses accepted.

[✓] Xcode - develop for iOS and macOS (Xcode 15.0)
    • Xcode at /Applications/Xcode.app/Contents/Developer
    • Build 15A240d
    • CocoaPods version 1.13.0

[✓] Chrome - develop for the web
    • Chrome at /Applications/Google Chrome.app/Contents/MacOS/Google Chrome

[✓] Android Studio (version 2022.3)
    • Android Studio at /Applications/Android Studio.app/Contents
    • Flutter plugin can be installed from:
      🔨 https://plugins.jetbrains.com/plugin/9212-flutter
    • Dart plugin can be installed from:
      🔨 https://plugins.jetbrains.com/plugin/6351-dart
    • Java version OpenJDK Runtime Environment (build 17.0.6+0-17.0.6b829.9-10027231)

[✓] VS Code (version 1.83.1)
    • VS Code at /Users/giuliadanso/Downloads/Visual Studio Code 2.app/Contents
    • Flutter extension version 3.76.0

[✓] VS Code (version 1.83.1)
    • VS Code at /Users/giuliadanso/Downloads/Visual Studio Code.app/Contents
    • Flutter extension version 3.76.0

[✓] Connected device (2 available)
    • macOS (desktop) • macos  • darwin-arm64   • macOS 14.0 23A344 darwin-arm64
    • Chrome (web)    • chrome • web-javascript • Google Chrome 119.0.6045.123

[✓] Network resources
    • All expected network resources are available.

• No issues found!
```
